"../../../../../Create/Projects/Unreal/Locomote_proto/Content/UI/UI_TileCount.uasset" 0
"../../../../../Create/Projects/Unreal/Locomote_proto/Content/UI/UI_TileTop1.uasset" 1
"../../../../../Create/Projects/Unreal/Locomote_proto/Content/UI/UI_TileTop.uasset" 2
"../../../Engine/Content/Animation/DefaultAnimCurveCompressionSettings.uasset" 3
"../../../Engine/Content/Functions/Engine_MaterialFunctions01/Opacity/CameraDepthFade.uasset" 4
"../../../Engine/Content/EngineMaterials/T_Default_Material_Grid_M.uasset" 5
"../../../Engine/Content/EngineMaterials/T_Default_Material_Grid_N.uasset" 6
"../../../Engine/Content/EngineMaterials/WorldGridMaterial.uasset" 7
"../../../Engine/Content/ArtTools/RenderToTexture/Meshes/S_1_Unit_Plane.uasset" 8
"../../../Engine/Content/EngineMaterials/DefaultMaterial.uasset" 9
"../../../Engine/Content/BasicShapes/Cone.uasset" 10
"../../../Engine/Content/BasicShapes/Cube.uasset" 11
"../../../Engine/Content/BasicShapes/Cylinder.uasset" 12
"../../../Engine/Content/BasicShapes/Plane.uasset" 13
"../../../Engine/Content/EditorLandscapeResources/DataLayer.uasset" 14
"../../../Engine/Content/EditorMaterials/MAT_Groups_Toggle.uasset" 15
"../../../Engine/Content/EditorMaterials/MAT_Groups_Visibility.uasset" 16
"../../../Engine/Content/EditorMaterials/PreviewShadowIndicator.uasset" 17
"../../../Engine/Content/EditorMaterials/PreviewShadowIndicatorMaterial.uasset" 18
"../../../Engine/Content/EditorMaterials/MatineeGroups/MAT_ColorTrack.uasset" 19
"../../../Engine/Content/EditorMaterials/MatineeGroups/MAT_Groups_Anim.uasset" 20
"../../../Engine/Content/EditorMaterials/MatineeGroups/MAT_Groups_AudioMaster.uasset" 21
"../../../Engine/Content/EditorMaterials/MatineeGroups/MAT_Groups_Director.uasset" 22
"../../../Engine/Content/EditorMaterials/MatineeGroups/MAT_Groups_Event.uasset" 23
"../../../Engine/Content/EditorMaterials/MatineeGroups/MAT_Groups_Fade.uasset" 24
"../../../Engine/Content/EditorMaterials/MatineeGroups/MAT_Groups_Float.uasset" 25
"../../../Engine/Content/EditorMaterials/MatineeGroups/MAT_Groups_Move.uasset" 26
"../../../Engine/Content/EditorMaterials/MatineeGroups/MAT_Groups_Slomo.uasset" 27
"../../../Engine/Content/EditorMaterials/MatineeGroups/MAT_Groups_Sound.uasset" 28
"../../../Engine/Content/EditorMaterials/MatineeGroups/MAT_Groups_Vector.uasset" 29
"../../../Engine/Content/EditorMaterials/ParticleSystems/PSysThumbnail_NoImage.uasset" 30
"../../../Engine/Content/EditorMaterials/ParticleSystems/PSysThumbnail_OOD.uasset" 31
"../../../Engine/Content/EditorMaterials/Camera/CineMat.uasset" 32
"../../../Engine/Content/EditorMaterials/Camera/MI_CineMat_Rig.uasset" 33
"../../../Engine/Content/EditorMeshes/Camera/SM_CraneRig_Arm.uasset" 34
"../../../Engine/Content/EditorMeshes/Camera/SM_CraneRig_Base.uasset" 35
"../../../Engine/Content/EditorMeshes/Camera/SM_CraneRig_Body.uasset" 36
"../../../Engine/Content/EditorMeshes/Camera/SM_CraneRig_Mount.uasset" 37
"../../../Engine/Content/EditorMeshes/Camera/SM_RailRig_Mount.uasset" 38
"../../../Engine/Content/EditorMeshes/Camera/SM_RailRig_Track.uasset" 39
"../../../Engine/Content/EditorResources/BSPVertex.uasset" 40
"../../../Engine/Content/EditorResources/S_Actor.uasset" 41
"../../../Engine/Content/EditorResources/S_Note.uasset" 42
"../../../Engine/Content/EditorResources/S_Solver.uasset" 43
"../../../Engine/Content/EditorResources/S_Trigger.uasset" 44
"../../../Engine/Content/EditorResources/SequenceRecorder/Countdown.uasset" 45
"../../../Engine/Content/EditorResources/SequenceRecorder/RecordingIndicator.uasset" 46
"../../../Engine/Content/EditorSounds/Notifications/CompileFailed.uasset" 47
"../../../Engine/Content/EditorSounds/Notifications/CompileFailed_Cue.uasset" 48
"../../../Engine/Content/EditorSounds/Notifications/CompileSuccess.uasset" 49
"../../../Engine/Content/EditorSounds/Notifications/CompileStart_Cue.uasset" 50
"../../../Engine/Content/EditorSounds/Notifications/CompileSuccess_Cue.uasset" 51
"../../../Engine/Content/EngineDamageTypes/DmgTypeBP_Environmental.uasset" 52
"../../../Engine/Content/EngineDebugMaterials/DebugEditorMaterial.uasset" 53
"../../../Engine/Content/EngineDebugMaterials/DebugMeshMaterial.uasset" 54
"../../../Engine/Content/EngineDebugMaterials/M_SimpleUnlitTranslucent.uasset" 55
"../../../Engine/Content/Functions/Engine_MaterialFunctions02/Utility/CameraDirectionVector.uasset" 56
"../../../Engine/Content/EngineDebugMaterials/VolumeToRender.uasset" 57
"../../../Engine/Content/EngineDebugMaterials/M_VolumeRenderSphereTracePP.uasset" 58
"../../../Engine/Content/EngineDebugMaterials/WireframeMaterial.uasset" 59
"../../../Engine/Content/EngineFonts/Faces/DroidSansFallback.uasset" 60
"../../../Engine/Content/EngineFonts/Faces/RobotoBold.uasset" 61
"../../../Engine/Content/EngineFonts/Faces/RobotoBoldItalic.uasset" 62
"../../../Engine/Content/EngineFonts/Faces/RobotoItalic.uasset" 63
"../../../Engine/Content/EngineFonts/Faces/RobotoLight.uasset" 64
"../../../Engine/Content/EngineFonts/Faces/RobotoRegular.uasset" 65
"../../../Engine/Content/EngineFonts/Roboto.uasset" 66
"../../../Engine/Content/EngineMaterials/BaseFlattenDiffuseMap.uasset" 67
"../../../Engine/Content/EngineMaterials/BaseFlattenEmissiveMap.uasset" 68
"../../../Engine/Content/EngineMaterials/BaseFlattenGrayscaleMap.uasset" 69
"../../../Engine/Content/EngineMaterials/BaseFlattenNormalMap.uasset" 70
"../../../Engine/Content/EngineMaterials/BaseFlattenMaterial.uasset" 71
"../../../Engine/Content/EngineMaterials/BlueNoise.uasset" 72
"../../../Engine/Content/EngineMaterials/DefaultBloomKernel.uasset" 73
"../../../Engine/Content/EngineMaterials/DefaultBokeh.uasset" 74
"../../../Engine/Content/EngineMaterials/DefaultDiffuse.uasset" 75
"../../../Engine/Content/EngineMaterials/DefaultDeferredDecalMaterial.uasset" 76
"../../../Engine/Content/EngineMaterials/DefaultLightFunctionMaterial.uasset" 77
"../../../Engine/Content/EngineMaterials/DefaultPhysicalMaterial.uasset" 78
"../../../Engine/Content/Functions/Engine_MaterialFunctions02/Utility/BreakOutFloat2Components.uasset" 79
"../../../Engine/Content/EngineMaterials/DefaultPostProcessMaterial.uasset" 80
"../../../Engine/Content/EngineFonts/RobotoDistanceField.uasset" 81
"../../../Engine/Content/EngineMaterials/DefaultTextMaterialOpaque.uasset" 82
"../../../Engine/Content/EngineMaterials/DefaultWhiteGrid.uasset" 83
"../../../Engine/Content/EngineMaterials/DefaultWhiteGrid_Low.uasset" 84
"../../../Engine/Content/EngineMaterials/EmissiveMeshMaterial.uasset" 85
"../../../Engine/Content/EngineMaterials/GizmoMaterial.uasset" 86
"../../../Engine/Content/EngineMaterials/Good64x64TilingNoiseHighFreq.uasset" 87
"../../../Engine/Content/EngineMaterials/MiniFont.uasset" 88
"../../../Engine/Content/EngineMaterials/InvalidLightmapSettings.uasset" 89
"../../../Engine/Content/EngineMaterials/M_InvalidLightmapSettings.uasset" 90
"../../../Engine/Content/Functions/Engine_MaterialFunctions02/WorldPositionOffset/CameraOffset.uasset" 91
"../../../Engine/Content/EngineMaterials/PhAT_JointLimitMaterial.uasset" 92
"../../../Engine/Content/EngineMaterials/PreintegratedSkinBRDF.uasset" 93
"../../../Engine/Content/EngineMaterials/RemoveSurfaceMaterial.uasset" 94
"../../../Engine/Content/EngineMaterials/WeightMapPlaceholderTexture.uasset" 95
"../../../Engine/Content/EngineResources/WhiteSquareTexture.uasset" 96
"../../../Engine/Content/EngineMaterials/Widget3DPassThrough.uasset" 97
"../../../Engine/Content/EngineMaterials/Widget3DPassThrough_Masked.uasset" 98
"../../../Engine/Content/EngineMaterials/Widget3DPassThrough_Opaque.uasset" 99
"../../../Engine/Content/EngineMaterials/Widget3DPassThrough_Masked_OneSided.uasset" 100
"../../../Engine/Content/EngineMaterials/Widget3DPassThrough_Opaque_OneSided.uasset" 101
"../../../Engine/Content/EngineMaterials/Widget3DPassThrough_Translucent.uasset" 102
"../../../Engine/Content/EngineMaterials/Widget3DPassThrough_Translucent_OneSided.uasset" 103
"../../../Engine/Content/EngineMeshes/Cylinder.uasset" 104
"../../../Engine/Content/EngineMeshes/Sphere.uasset" 105
"../../../Engine/Content/EngineResources/Black.uasset" 106
"../../../Engine/Content/EngineResources/DefaultTexture.uasset" 107
"../../../Engine/Content/EngineResources/DefaultTextureCube.uasset" 108
"../../../Engine/Content/EngineResources/DefaultVolumeTexture2D.uasset" 109
"../../../Engine/Content/EngineResources/DefaultVolumeTexture.uasset" 110
"../../../Engine/Content/EngineResources/GradientTexture0.uasset" 111
"../../../Engine/Content/EngineSounds/Master.uasset" 112
"../../../Engine/Content/Functions/Engine_MaterialFunctions01/Shading/ConvertFromDiffSpec.uasset" 113
"../../../Engine/Content/Functions/Engine_MaterialFunctions01/Shading/PowerToRoughness.uasset" 114
"../../../Engine/Content/Maps/Templates/Thumbnails/Default.uasset" 115
"../../../Engine/Content/Maps/Templates/Thumbnails/TimeOfDay.uasset" 116
"../../../Engine/Content/Maps/Templates/Thumbnails/VR-Basic.uasset" 117
"../../../Engine/Content/MobileResources/T_MobileControls_texture.uasset" 118
"../../../Engine/Content/MobileResources/T_MobileMenu2.uasset" 119
"../../../Engine/Content/MobileResources/HUD/AnalogHat.uasset" 120
"../../../Engine/Content/MobileResources/HUD/VirtualJoystick_Background.uasset" 121
"../../../Engine/Content/MobileResources/HUD/VirtualJoystick_Thumb.uasset" 122
"../../../Engine/Content/MobileResources/HUD/DefaultVirtualJoysticks.uasset" 123
"../../../Engine/Content/MobileResources/HUD/LeftVirtualJoystickOnly.uasset" 124
"../../../Engine/Content/MobileResources/HUD/MobileHUDButton1_off.uasset" 125
"../../../Engine/Content/MobileResources/HUD/MobileHUDButton1_on.uasset" 126
"../../../Engine/Content/MobileResources/HUD/MobileHUDButton2_off.uasset" 127
"../../../Engine/Content/MobileResources/HUD/MobileHUDButton2_on.uasset" 128
"../../../Engine/Content/MobileResources/HUD/MobileHUDButton3.uasset" 129
"../../../Engine/Content/MobileResources/HUD/MobileHUDButtonFire.uasset" 130
"../../../Engine/Content/MobileResources/HUD/MobileHUDDirectionPad.uasset" 131
"../../../Engine/Content/MobileResources/HUD/MobileHUDDirectionPad2.uasset" 132
"../../../Engine/Content/MobileResources/HUD/MobileHUDDirectionPad3.uasset" 133
"../../../Engine/Content/MobileResources/HUD/MobileHUDDirectionStick.uasset" 134
"../../../Engine/Content/MobileResources/HUD/T_Castle_ThumbstickInner.uasset" 135
"../../../Engine/Content/MobileResources/HUD/T_Castle_ThumbstickOutter.uasset" 136
"../../../Engine/Content/Tutorial/ContentIntroCurve.uasset" 137
"../../../Engine/Content/Tutorial/Basics/LevelEditorAttract.uasset" 138
"../../../Engine/Content/Tutorial/Basics/TutorialAssets/icon_tab_Levels_40x.uasset" 139
"../../../Engine/Content/Tutorial/Basics/LevelEditorOverview.uasset" 140
"../../../Engine/Content/Tutorial/BlueprintTutorials/TutorialAssets/Blueprint_64x.uasset" 141
"../../../Engine/Content/Tutorial/BlueprintTutorials/BlueprintEditorTutorial.uasset" 142
"../../../Engine/Content/Tutorial/SubEditors/GettingSubstance.uasset" 143
"../../../Engine/Content/VREditor/LaserPointer/VR_LaserPower_01.uasset" 144
"../../../Engine/Content/VREditor/TransformGizmo/TransformGizmoMaterial.uasset" 145
"../../../Engine/Content/VREditor/TransformGizmo/TranslucentTransformGizmoMaterial.uasset" 146
"../../../Engine/Content/VREditor/TransformGizmo/BoundingBoxCorner.uasset" 147
"../../../Engine/Content/VREditor/TransformGizmo/BoundingBoxEdge.uasset" 148
"../../../Engine/Content/VREditor/TransformGizmo/PlaneTranslationHandle.uasset" 149
"../../../Engine/Content/VREditor/TransformGizmo/Main.uasset" 150
"../../../Engine/Content/VREditor/TransformGizmo/Xray.uasset" 151
"../../../Engine/Content/VREditor/TransformGizmo/SM_Sequencer_Key.uasset" 152
"../../../Engine/Content/VREditor/TransformGizmo/SM_Sequencer_Node.uasset" 153
"../../../../../Create/Projects/Unreal/Locomote_proto/Content/Blueprints/Actors/Levles/BP_Level.uasset" 154
"../../../../../Create/Projects/Unreal/Locomote_proto/Content/Blueprints/Game/BP_SaveGame.uasset" 155
"../../../../../Create/Projects/Unreal/Locomote_proto/Content/Blueprints/Game/BP_GameInstance.uasset" 156
"../../../Engine/Content/EditorBlueprintResources/StandardMacros.uasset" 157
"../../../../../Create/Projects/Unreal/Locomote_proto/Content/Materials/M_Top_Black.uasset" 158
"../../../../../Create/Projects/Unreal/Locomote_proto/Content/Materials/M_Top_CannotWalk.uasset" 159
"../../../../../Create/Projects/Unreal/Locomote_proto/Content/Materials/M_Top_CanWalk.uasset" 160
"../../../../../Create/Projects/Unreal/Locomote_proto/Content/Materials/M_Top_Finish_active.uasset" 161
"../../../../../Create/Projects/Unreal/Locomote_proto/Content/Materials/M_Top_Finish_deactive.uasset" 162
"../../../../../Create/Projects/Unreal/Locomote_proto/Content/Materials/M_Top_Walked.uasset" 163
"../../../../../Create/Projects/Unreal/Locomote_proto/Content/Data/E_TileType.uasset" 164
"../../../../../Create/Projects/Unreal/Locomote_proto/Content/Materials/M_Bottom.uasset" 165
"../../../../../Create/Projects/Unreal/Locomote_proto/Content/StaticMeshes/Tile02.uasset" 166
"../../../../../Create/Projects/Unreal/Locomote_proto/Content/Blueprints/Actors/Tiles/BP_Tile_Base.uasset" 167
"../../../../../Create/Projects/Unreal/Locomote_proto/Content/Materials/M_SkySphere1.uasset" 168
"../../../Engine/Content/BasicShapes/Sphere.uasset" 169
"../../../../../Create/Projects/Unreal/Locomote_proto/Content/Blueprints/Pawn/BP_PlayerPawn.uasset" 170
"../../../../../Create/Projects/Unreal/Locomote_proto/Content/UI/UI_HUD.uasset" 171
"../../../../../Create/Projects/Unreal/Locomote_proto/Content/UI/UI_TurnsFinish.uasset" 172
"../../../../../Create/Projects/Unreal/Locomote_proto/Content/UI/UI_Win.uasset" 173
"../../../../../Create/Projects/Unreal/Locomote_proto/Content/Blueprints/Game/BP_PlayerCtrl_Levels.uasset" 174
"../../../../../Create/Projects/Unreal/Locomote_proto/Content/Blueprints/Actors/Tiles/BP_Tile_1.uasset" 175
"../../../../../Create/Projects/Unreal/Locomote_proto/Content/Blueprints/Actors/Levles/BP_Level_0.uasset" 176
"../../../../../Create/Projects/Unreal/Locomote_proto/Content/Blueprints/Actors/Levles/BP_Level_1.uasset" 177
"../../../../../Create/Projects/Unreal/Locomote_proto/Content/Blueprints/Actors/Levles/BP_Level_2.uasset" 178
"../../../../../Create/Projects/Unreal/Locomote_proto/Content/Blueprints/Actors/Levles/BP_Level_3.uasset" 179
"../../../../../Create/Projects/Unreal/Locomote_proto/Content/StaticMeshes/Tile03.uasset" 180
"../../../../../Create/Projects/Unreal/Locomote_proto/Content/Blueprints/Actors/Tiles/BP_Tile_2.uasset" 181
"../../../../../Create/Projects/Unreal/Locomote_proto/Content/Blueprints/Actors/Levles/BP_Level_4.uasset" 182
"../../../../../Create/Projects/Unreal/Locomote_proto/Content/StaticMeshes/Tile04.uasset" 183
"../../../../../Create/Projects/Unreal/Locomote_proto/Content/Blueprints/Actors/Tiles/BP_Tile_1D8.uasset" 184
"../../../../../Create/Projects/Unreal/Locomote_proto/Content/TExtures/arrow.uasset" 185
"../../../../../Create/Projects/Unreal/Locomote_proto/Content/UI/UI_TileTopArrow.uasset" 186
"../../../../../Create/Projects/Unreal/Locomote_proto/Content/Blueprints/Actors/Tiles/BP_Tile_1D8_1C.uasset" 187
"../../../../../Create/Projects/Unreal/Locomote_proto/Content/UI/UI_TileTop2.uasset" 188
"../../../../../Create/Projects/Unreal/Locomote_proto/Content/Blueprints/Actors/Tiles/BP_Tile_2D8.uasset" 189
"../../../../../Create/Projects/Unreal/Locomote_proto/Content/Blueprints/Actors/Levles/BP_Level_5.uasset" 190
"../../../../../Create/Projects/Unreal/Locomote_proto/Content/Blueprints/Actors/Levles/BP_Level_7.uasset" 191
"../../../../../Create/Projects/Unreal/Locomote_proto/Content/Blueprints/Actors/Levles/BP_Level_test.uasset" 192
"../../../../../Create/Projects/Unreal/Locomote_proto/Content/Data/F_Levels.uasset" 193
"../../../../../Create/Projects/Unreal/Locomote_proto/Content/Data/DT_Levels.uasset" 194
"../../../../../Create/Projects/Unreal/Locomote_proto/Content/Blueprints/Game/GM_Levels.uasset" 195
"../../../../../Create/Projects/Unreal/Locomote_proto/Content/Maps/Map01_BuiltData.uasset" 196
"../../../../../Create/Projects/Unreal/Locomote_proto/Content/Materials/M_SkySphere.uasset" 197
"../../../../../Create/Projects/Unreal/Locomote_proto/Content/StaticMeshes/SkySphere_32_40m.uasset" 198
"../../../../../Create/Projects/Unreal/Locomote_proto/Content/Maps/Map01.umap" 199
"../../../../../Create/Projects/Unreal/Locomote_proto/Content/TExtures/retro_color_stripes.uasset" 200
"../../../../../Create/Projects/Unreal/Locomote_proto/Content/UI/UI_MainMenu_temp.uasset" 201
"../../../../../Create/Projects/Unreal/Locomote_proto/Content/Blueprints/Game/BP_PlaterCtrl_MainMenu.uasset" 202
"../../../../../Create/Projects/Unreal/Locomote_proto/Content/Blueprints/Game/GM_MainMenu.uasset" 203
"../../../../../Create/Projects/Unreal/Locomote_proto/Content/Maps/Map_MainMenu_BuiltData.uasset" 204
"../../../../../Create/Projects/Unreal/Locomote_proto/Content/Maps/Map_MainMenu.umap" 205
"../../../../../Create/Projects/Unreal/Locomote_proto/Content/Maps/TravelMap.umap" 206
"../../../Engine/Content/Maps/Entry_BuiltData.uasset" 207
"../../../Engine/Content/Maps/Entry.umap" 208
